<?xml version="1.0" encoding="UTF-8"?>
<testng-results ignored="0" total="1" passed="1" failed="0" skipped="0">
  <reporter-output>
  </reporter-output>
  <suite started-at="2019-08-31T11:28:36Z" name="Default suite" finished-at="2019-08-31T11:28:56Z" duration-ms="19969">
    <groups>
    </groups>
    <test started-at="2019-08-31T11:28:36Z" name="Default test" finished-at="2019-08-31T11:28:56Z" duration-ms="19969">
      <class name="com.RunTest">
        <test-method is-config="true" signature="closeRunningBrowsers()[pri:0, instance:com.RunTest@78b729e6]" started-at="2019-08-31T11:28:36Z" name="closeRunningBrowsers" finished-at="2019-08-31T11:28:36Z" duration-ms="26" status="PASS">
          <reporter-output>
          </reporter-output>
        </test-method> <!-- closeRunningBrowsers -->
        <test-method is-config="true" signature="beforeClass()[pri:0, instance:com.RunTest@78b729e6]" started-at="2019-08-31T11:28:36Z" name="beforeClass" finished-at="2019-08-31T11:28:36Z" duration-ms="2" status="PASS">
          <reporter-output>
          </reporter-output>
        </test-method> <!-- beforeClass -->
        <test-method is-config="true" signature="beforeMethod()[pri:0, instance:com.RunTest@78b729e6]" started-at="2019-08-31T11:28:37Z" name="beforeMethod" finished-at="2019-08-31T11:28:51Z" duration-ms="14279" status="PASS">
          <reporter-output>
          </reporter-output>
        </test-method> <!-- beforeMethod -->
        <test-method signature="runTest(java.lang.String, java.lang.String, java.lang.String, java.lang.String, java.lang.String, java.lang.String)[pri:0, instance:com.RunTest@78b729e6]" started-at="2019-08-31T11:28:51Z" name="runTest" data-provider="data" finished-at="2019-08-31T11:28:56Z" duration-ms="4835" status="PASS">
          <params>
            <param index="0">
              <value>
                <![CDATA[kmwchz027@jidw.com]]>
              </value>
            </param>
            <param index="1">
              <value>
                <![CDATA[qwewrty]]>
              </value>
            </param>
            <param index="2">
              <value>
                <![CDATA[ljbfyacx]]>
              </value>
            </param>
            <param index="3">
              <value>
                <![CDATA[zqqlpvtp]]>
              </value>
            </param>
            <param index="4">
              <value>
                <![CDATA[kfztbpjm]]>
              </value>
            </param>
            <param index="5">
              <value>
                <![CDATA[zmnech915@elxx.com]]>
              </value>
            </param>
          </params>
          <reporter-output>
          </reporter-output>
        </test-method> <!-- runTest -->
        <test-method is-config="true" signature="afterMethod()[pri:0, instance:com.RunTest@78b729e6]" started-at="2019-08-31T11:28:56Z" name="afterMethod" finished-at="2019-08-31T11:28:56Z" duration-ms="795" status="PASS">
          <reporter-output>
          </reporter-output>
        </test-method> <!-- afterMethod -->
      </class> <!-- com.RunTest -->
    </test> <!-- Default test -->
  </suite> <!-- Default suite -->
</testng-results>
